\BOOKMARK [0][-]{abstract.0}{Abstract}{}% 1
\BOOKMARK [0][-]{contents.0}{Contents}{}% 2
\BOOKMARK [0][-]{chapter*.3}{Figures}{}% 3
\BOOKMARK [0][-]{chapter*.4}{Tables}{}% 4
\BOOKMARK [0][-]{chapter*.5}{Preface}{}% 5
\BOOKMARK [0][-]{chapter*.6}{Acknowledgments}{}% 6
\BOOKMARK [0][-]{chapter*.7}{Symbols}{}% 7
\BOOKMARK [0][-]{chapter*.8}{Features of Formatting in This Example File}{}% 8
\BOOKMARK [0][-]{chapter.1}{Chapter 1: Introduction}{}% 9
\BOOKMARK [1][-]{section.1.1}{1.1 Overview}{chapter.1}% 10
\BOOKMARK [2][-]{subsection.1.1.1}{1.1.1 General overview}{section.1.1}% 11
\BOOKMARK [2][-]{subsection.1.1.2}{1.1.2 Stellar evolution}{section.1.1}% 12
\BOOKMARK [2][-]{subsection.1.1.3}{1.1.3 Hydrogen Burning}{section.1.1}% 13
\BOOKMARK [1][-]{section.1.2}{1.2 Thermonuclear reaction rates}{chapter.1}% 14
\BOOKMARK [1][-]{section.1.3}{1.3 Nuclear reactions}{chapter.1}% 15
\BOOKMARK [2][-]{subsection.1.3.1}{1.3.1 Direct capture reactions}{section.1.3}% 16
\BOOKMARK [2][-]{subsection.1.3.2}{1.3.2 Resonant reactions}{section.1.3}% 17
\BOOKMARK [1][-]{section.1.4}{1.4 R-matrix theory}{chapter.1}% 18
\BOOKMARK [1][-]{section.1.5}{1.5 The 14N\( p,\) 15O reaction}{chapter.1}% 19
\BOOKMARK [2][-]{subsection.1.5.1}{1.5.1 Reaction cross section}{section.1.5}% 20
\BOOKMARK [2][-]{subsection.1.5.2}{1.5.2 Lifetime}{section.1.5}% 21
\BOOKMARK [1][-]{section.1.6}{1.6 The Doppler Shift Attenuation Method for lifetime measurements}{chapter.1}% 22
\BOOKMARK [1][-]{section.1.7}{1.7 Thesis outline}{chapter.1}% 23
\BOOKMARK [0][-]{chapter.2}{Chapter 2: Experimental setup and procedures}{}% 24
\BOOKMARK [1][-]{section.2.1}{2.1 Introduction}{chapter.2}% 25
\BOOKMARK [1][-]{section.2.2}{2.2 Accelerators, beamline, and high-purity Germanium detectors}{chapter.2}% 26
\BOOKMARK [2][-]{subsection.2.2.1}{2.2.1 Van de Graaff accelerators}{section.2.2}% 27
\BOOKMARK [2][-]{subsection.2.2.2}{2.2.2 Ion sources}{section.2.2}% 28
\BOOKMARK [2][-]{subsection.2.2.3}{2.2.3 Beamline}{section.2.2}% 29
\BOOKMARK [1][-]{section.2.3}{2.3 High-purity Germanium detectors}{chapter.2}% 30
\BOOKMARK [1][-]{section.2.4}{2.4 Cross-section measurements}{chapter.2}% 31
\BOOKMARK [1][-]{section.2.5}{2.5 Lifetime measurement}{chapter.2}% 32
\BOOKMARK [0][-]{chapter.3}{Chapter 3: Cross section data Reduction and analysis}{}% 33
\BOOKMARK [1][-]{section.3.1}{3.1 Introduction}{chapter.3}% 34
\BOOKMARK [1][-]{section.3.2}{3.2 Energy calibration}{chapter.3}% 35
\BOOKMARK [1][-]{section.3.3}{3.3 Efficiency}{chapter.3}% 36
\BOOKMARK [2][-]{subsection.3.3.1}{3.3.1 Total efficiency}{section.3.3}% 37
\BOOKMARK [2][-]{subsection.3.3.2}{3.3.2 Full energy peak efficiency}{section.3.3}% 38
\BOOKMARK [1][-]{section.3.4}{3.4 Summing corrections}{chapter.3}% 39
\BOOKMARK [1][-]{section.3.5}{3.5 Target characterization}{chapter.3}% 40
\BOOKMARK [1][-]{section.3.6}{3.6 Cross-section determination}{chapter.3}% 41
\BOOKMARK [0][-]{chapter.4}{Chapter 4: Monte Carlo simulations for lifetime measurements with DSAM}{}% 42
\BOOKMARK [1][-]{section.4.1}{4.1 Simulations with the Geant4 package}{chapter.4}% 43
\BOOKMARK [1][-]{section.4.2}{4.2 Determining a nuclear lifetime}{chapter.4}% 44
\BOOKMARK [0][-]{chapter.5}{Chapter 5: The lifetime of the 6.79 MeV state in 15O}{}% 45
\BOOKMARK [1][-]{section.5.1}{5.1 Data analysis}{chapter.5}% 46
\BOOKMARK [2][-]{subsection.5.1.1}{5.1.1 Lifetime of ANOTHER STATE, 6.17 MeV maybe}{section.5.1}% 47
\BOOKMARK [2][-]{subsection.5.1.2}{5.1.2 Lifetime of the 6.79 MeV state in 15O}{section.5.1}% 48
\BOOKMARK [0][-]{chapter.6}{Chapter 6: R-matrix analysis}{}% 49
\BOOKMARK [1][-]{section.6.1}{6.1 Fits to the capture data}{chapter.6}% 50
\BOOKMARK [1][-]{section.6.2}{6.2 Inclusion of the new lifetime}{chapter.6}% 51
\BOOKMARK [0][-]{chapter.7}{Chapter 7: Results and conclusions}{}% 52
\BOOKMARK [0][-]{appendix.A}{Appendix A: GNU GENERALISMS}{}% 53
\BOOKMARK [1][-]{section.A.1}{A.1 Definitions}{appendix.A}% 54
